{"total": {"lines":{"total":417,"covered":221,"skipped":0,"pct":52.99},"statements":{"total":493,"covered":249,"skipped":0,"pct":50.5},"functions":{"total":100,"covered":49,"skipped":0,"pct":49},"branches":{"total":578,"covered":290,"skipped":0,"pct":50.17},"branchesTrue":{"total":0,"covered":0,"skipped":0,"pct":100}}
,"D:\\Inquiry_Platform\\frontend\\src\\components\\ProtectedRoute.jsx": {"lines":{"total":9,"covered":8,"skipped":0,"pct":88.88},"functions":{"total":2,"covered":1,"skipped":0,"pct":50},"statements":{"total":10,"covered":8,"skipped":0,"pct":80},"branches":{"total":8,"covered":7,"skipped":0,"pct":87.5}}
,"D:\\Inquiry_Platform\\frontend\\src\\context\\AuthContext.jsx": {"lines":{"total":54,"covered":0,"skipped":0,"pct":0},"functions":{"total":13,"covered":0,"skipped":0,"pct":0},"statements":{"total":58,"covered":0,"skipped":0,"pct":0},"branches":{"total":20,"covered":0,"skipped":0,"pct":0}}
,"D:\\Inquiry_Platform\\frontend\\src\\lib\\accessControl.js": {"lines":{"total":35,"covered":28,"skipped":0,"pct":80},"functions":{"total":10,"covered":7,"skipped":0,"pct":70},"statements":{"total":51,"covered":36,"skipped":0,"pct":70.58},"branches":{"total":65,"covered":52,"skipped":0,"pct":80}}
,"D:\\Inquiry_Platform\\frontend\\src\\lib\\categoryIcons.jsx": {"lines":{"total":20,"covered":4,"skipped":0,"pct":20},"functions":{"total":16,"covered":1,"skipped":0,"pct":6.25},"statements":{"total":21,"covered":4,"skipped":0,"pct":19.04},"branches":{"total":7,"covered":4,"skipped":0,"pct":57.14}}
,"D:\\Inquiry_Platform\\frontend\\src\\lib\\firebase.js": {"lines":{"total":11,"covered":0,"skipped":0,"pct":0},"functions":{"total":1,"covered":0,"skipped":0,"pct":0},"statements":{"total":11,"covered":0,"skipped":0,"pct":0},"branches":{"total":10,"covered":0,"skipped":0,"pct":0}}
,"D:\\Inquiry_Platform\\frontend\\src\\lib\\footerLinks.js": {"lines":{"total":4,"covered":4,"skipped":0,"pct":100},"functions":{"total":1,"covered":1,"skipped":0,"pct":100},"statements":{"total":5,"covered":4,"skipped":0,"pct":80},"branches":{"total":6,"covered":5,"skipped":0,"pct":83.33}}
,"D:\\Inquiry_Platform\\frontend\\src\\lib\\inquiryProductView.js": {"lines":{"total":11,"covered":0,"skipped":0,"pct":0},"functions":{"total":1,"covered":0,"skipped":0,"pct":0},"statements":{"total":12,"covered":0,"skipped":0,"pct":0},"branches":{"total":29,"covered":0,"skipped":0,"pct":0}}
,"D:\\Inquiry_Platform\\frontend\\src\\lib\\mapProduct.js": {"lines":{"total":29,"covered":28,"skipped":0,"pct":96.55},"functions":{"total":4,"covered":4,"skipped":0,"pct":100},"statements":{"total":34,"covered":31,"skipped":0,"pct":91.17},"branches":{"total":79,"covered":65,"skipped":0,"pct":82.27}}
,"D:\\Inquiry_Platform\\frontend\\src\\lib\\productCategory.js": {"lines":{"total":11,"covered":11,"skipped":0,"pct":100},"functions":{"total":5,"covered":5,"skipped":0,"pct":100},"statements":{"total":17,"covered":15,"skipped":0,"pct":88.23},"branches":{"total":13,"covered":11,"skipped":0,"pct":84.61}}
,"D:\\Inquiry_Platform\\frontend\\src\\lib\\productMeasurements.js": {"lines":{"total":12,"covered":0,"skipped":0,"pct":0},"functions":{"total":1,"covered":0,"skipped":0,"pct":0},"statements":{"total":15,"covered":0,"skipped":0,"pct":0},"branches":{"total":26,"covered":0,"skipped":0,"pct":0}}
,"D:\\Inquiry_Platform\\frontend\\src\\lib\\productMedia.js": {"lines":{"total":25,"covered":20,"skipped":0,"pct":80},"functions":{"total":3,"covered":3,"skipped":0,"pct":100},"statements":{"total":36,"covered":27,"skipped":0,"pct":75},"branches":{"total":57,"covered":33,"skipped":0,"pct":57.89}}
,"D:\\Inquiry_Platform\\frontend\\src\\lib\\pwaUpdateChannel.js": {"lines":{"total":7,"covered":0,"skipped":0,"pct":0},"functions":{"total":5,"covered":0,"skipped":0,"pct":0},"statements":{"total":8,"covered":0,"skipped":0,"pct":0},"branches":{"total":0,"covered":0,"skipped":0,"pct":100}}
,"D:\\Inquiry_Platform\\frontend\\src\\lib\\roles.js": {"lines":{"total":7,"covered":7,"skipped":0,"pct":100},"functions":{"total":4,"covered":4,"skipped":0,"pct":100},"statements":{"total":8,"covered":7,"skipped":0,"pct":87.5},"branches":{"total":10,"covered":9,"skipped":0,"pct":90}}
,"D:\\Inquiry_Platform\\frontend\\src\\services\\authService.js": {"lines":{"total":45,"covered":41,"skipped":0,"pct":91.11},"functions":{"total":7,"covered":7,"skipped":0,"pct":100},"statements":{"total":46,"covered":42,"skipped":0,"pct":91.3},"branches":{"total":58,"covered":37,"skipped":0,"pct":63.79}}
,"D:\\Inquiry_Platform\\frontend\\src\\services\\categoriesService.js": {"lines":{"total":18,"covered":15,"skipped":0,"pct":83.33},"functions":{"total":5,"covered":5,"skipped":0,"pct":100},"statements":{"total":21,"covered":17,"skipped":0,"pct":80.95},"branches":{"total":30,"covered":18,"skipped":0,"pct":60}}
,"D:\\Inquiry_Platform\\frontend\\src\\services\\inquiryChatApi.js": {"lines":{"total":81,"covered":40,"skipped":0,"pct":49.38},"functions":{"total":11,"covered":7,"skipped":0,"pct":63.63},"statements":{"total":98,"covered":42,"skipped":0,"pct":42.85},"branches":{"total":121,"covered":29,"skipped":0,"pct":23.96}}
,"D:\\Inquiry_Platform\\frontend\\src\\services\\productService.js": {"lines":{"total":21,"covered":6,"skipped":0,"pct":28.57},"functions":{"total":6,"covered":2,"skipped":0,"pct":33.33},"statements":{"total":23,"covered":6,"skipped":0,"pct":26.08},"branches":{"total":16,"covered":3,"skipped":0,"pct":18.75}}
,"D:\\Inquiry_Platform\\frontend\\src\\services\\shopsService.js": {"lines":{"total":17,"covered":9,"skipped":0,"pct":52.94},"functions":{"total":5,"covered":2,"skipped":0,"pct":40},"statements":{"total":19,"covered":10,"skipped":0,"pct":52.63},"branches":{"total":23,"covered":17,"skipped":0,"pct":73.91}}
}
