{"total": {"lines":{"total":560,"covered":306,"skipped":0,"pct":54.64},"statements":{"total":657,"covered":338,"skipped":0,"pct":51.44},"functions":{"total":133,"covered":67,"skipped":0,"pct":50.37},"branches":{"total":761,"covered":399,"skipped":0,"pct":52.43},"branchesTrue":{"total":0,"covered":0,"skipped":0,"pct":100}}
,"D:\\Inquiry_Platform\\frontend\\src\\components\\ProtectedRoute.jsx": {"lines":{"total":9,"covered":8,"skipped":0,"pct":88.88},"functions":{"total":2,"covered":1,"skipped":0,"pct":50},"statements":{"total":10,"covered":8,"skipped":0,"pct":80},"branches":{"total":8,"covered":7,"skipped":0,"pct":87.5}}
,"D:\\Inquiry_Platform\\frontend\\src\\context\\AuthContext.jsx": {"lines":{"total":59,"covered":0,"skipped":0,"pct":0},"functions":{"total":14,"covered":0,"skipped":0,"pct":0},"statements":{"total":63,"covered":0,"skipped":0,"pct":0},"branches":{"total":20,"covered":0,"skipped":0,"pct":0}}
,"D:\\Inquiry_Platform\\frontend\\src\\lib\\accessControl.js": {"lines":{"total":35,"covered":28,"skipped":0,"pct":80},"functions":{"total":10,"covered":7,"skipped":0,"pct":70},"statements":{"total":51,"covered":36,"skipped":0,"pct":70.58},"branches":{"total":65,"covered":52,"skipped":0,"pct":80}}
,"D:\\Inquiry_Platform\\frontend\\src\\lib\\categoryIcons.jsx": {"lines":{"total":20,"covered":4,"skipped":0,"pct":20},"functions":{"total":16,"covered":1,"skipped":0,"pct":6.25},"statements":{"total":21,"covered":4,"skipped":0,"pct":19.04},"branches":{"total":7,"covered":4,"skipped":0,"pct":57.14}}
,"D:\\Inquiry_Platform\\frontend\\src\\lib\\firebase.js": {"lines":{"total":11,"covered":0,"skipped":0,"pct":0},"functions":{"total":1,"covered":0,"skipped":0,"pct":0},"statements":{"total":11,"covered":0,"skipped":0,"pct":0},"branches":{"total":10,"covered":0,"skipped":0,"pct":0}}
,"D:\\Inquiry_Platform\\frontend\\src\\lib\\footerLinks.js": {"lines":{"total":4,"covered":4,"skipped":0,"pct":100},"functions":{"total":1,"covered":1,"skipped":0,"pct":100},"statements":{"total":5,"covered":4,"skipped":0,"pct":80},"branches":{"total":6,"covered":5,"skipped":0,"pct":83.33}}
,"D:\\Inquiry_Platform\\frontend\\src\\lib\\inquiryProductView.js": {"lines":{"total":11,"covered":0,"skipped":0,"pct":0},"functions":{"total":1,"covered":0,"skipped":0,"pct":0},"statements":{"total":12,"covered":0,"skipped":0,"pct":0},"branches":{"total":29,"covered":0,"skipped":0,"pct":0}}
,"D:\\Inquiry_Platform\\frontend\\src\\lib\\inquiryStatus.js": {"lines":{"total":4,"covered":4,"skipped":0,"pct":100},"functions":{"total":2,"covered":2,"skipped":0,"pct":100},"statements":{"total":4,"covered":4,"skipped":0,"pct":100},"branches":{"total":2,"covered":2,"skipped":0,"pct":100}}
,"D:\\Inquiry_Platform\\frontend\\src\\lib\\inquiryValidation.js": {"lines":{"total":21,"covered":19,"skipped":0,"pct":90.47},"functions":{"total":4,"covered":4,"skipped":0,"pct":100},"statements":{"total":25,"covered":19,"skipped":0,"pct":76},"branches":{"total":22,"covered":16,"skipped":0,"pct":72.72}}
,"D:\\Inquiry_Platform\\frontend\\src\\lib\\mapProduct.js": {"lines":{"total":29,"covered":28,"skipped":0,"pct":96.55},"functions":{"total":4,"covered":4,"skipped":0,"pct":100},"statements":{"total":34,"covered":31,"skipped":0,"pct":91.17},"branches":{"total":79,"covered":65,"skipped":0,"pct":82.27}}
,"D:\\Inquiry_Platform\\frontend\\src\\lib\\productCategory.js": {"lines":{"total":11,"covered":11,"skipped":0,"pct":100},"functions":{"total":5,"covered":5,"skipped":0,"pct":100},"statements":{"total":17,"covered":15,"skipped":0,"pct":88.23},"branches":{"total":13,"covered":11,"skipped":0,"pct":84.61}}
,"D:\\Inquiry_Platform\\frontend\\src\\lib\\productMeasurements.js": {"lines":{"total":12,"covered":0,"skipped":0,"pct":0},"functions":{"total":1,"covered":0,"skipped":0,"pct":0},"statements":{"total":15,"covered":0,"skipped":0,"pct":0},"branches":{"total":26,"covered":0,"skipped":0,"pct":0}}
,"D:\\Inquiry_Platform\\frontend\\src\\lib\\productMedia.js": {"lines":{"total":25,"covered":20,"skipped":0,"pct":80},"functions":{"total":3,"covered":3,"skipped":0,"pct":100},"statements":{"total":36,"covered":27,"skipped":0,"pct":75},"branches":{"total":57,"covered":33,"skipped":0,"pct":57.89}}
,"D:\\Inquiry_Platform\\frontend\\src\\lib\\pwaUpdateChannel.js": {"lines":{"total":7,"covered":0,"skipped":0,"pct":0},"functions":{"total":5,"covered":0,"skipped":0,"pct":0},"statements":{"total":8,"covered":0,"skipped":0,"pct":0},"branches":{"total":0,"covered":0,"skipped":0,"pct":100}}
,"D:\\Inquiry_Platform\\frontend\\src\\lib\\roles.js": {"lines":{"total":7,"covered":7,"skipped":0,"pct":100},"functions":{"total":4,"covered":4,"skipped":0,"pct":100},"statements":{"total":8,"covered":7,"skipped":0,"pct":87.5},"branches":{"total":10,"covered":9,"skipped":0,"pct":90}}
,"D:\\Inquiry_Platform\\frontend\\src\\services\\authService.js": {"lines":{"total":58,"covered":49,"skipped":0,"pct":84.48},"functions":{"total":8,"covered":8,"skipped":0,"pct":100},"statements":{"total":59,"covered":50,"skipped":0,"pct":84.74},"branches":{"total":80,"covered":53,"skipped":0,"pct":66.25}}
,"D:\\Inquiry_Platform\\frontend\\src\\services\\categoriesService.js": {"lines":{"total":18,"covered":15,"skipped":0,"pct":83.33},"functions":{"total":5,"covered":5,"skipped":0,"pct":100},"statements":{"total":21,"covered":17,"skipped":0,"pct":80.95},"branches":{"total":30,"covered":18,"skipped":0,"pct":60}}
,"D:\\Inquiry_Platform\\frontend\\src\\services\\inquiryChatApi.js": {"lines":{"total":119,"covered":52,"skipped":0,"pct":43.69},"functions":{"total":19,"covered":8,"skipped":0,"pct":42.1},"statements":{"total":139,"covered":54,"skipped":0,"pct":38.84},"branches":{"total":157,"covered":43,"skipped":0,"pct":27.38}}
,"D:\\Inquiry_Platform\\frontend\\src\\services\\inquiryFirestoreService.js": {"lines":{"total":62,"covered":42,"skipped":0,"pct":67.74},"functions":{"total":17,"covered":10,"skipped":0,"pct":58.82},"statements":{"total":76,"covered":46,"skipped":0,"pct":60.52},"branches":{"total":101,"covered":61,"skipped":0,"pct":60.39}}
,"D:\\Inquiry_Platform\\frontend\\src\\services\\productService.js": {"lines":{"total":21,"covered":6,"skipped":0,"pct":28.57},"functions":{"total":6,"covered":2,"skipped":0,"pct":33.33},"statements":{"total":23,"covered":6,"skipped":0,"pct":26.08},"branches":{"total":16,"covered":3,"skipped":0,"pct":18.75}}
,"D:\\Inquiry_Platform\\frontend\\src\\services\\shopsService.js": {"lines":{"total":17,"covered":9,"skipped":0,"pct":52.94},"functions":{"total":5,"covered":2,"skipped":0,"pct":40},"statements":{"total":19,"covered":10,"skipped":0,"pct":52.63},"branches":{"total":23,"covered":17,"skipped":0,"pct":73.91}}
}
